<?xml version="1.0" encoding="UTF-8"?>
<!-- Generated by org.testng.reporters.JUnitReportReporter -->
<testsuite hostname="IBM-PF3KLKWB" failures="0" tests="1" name="cucumberOptions.TestNGRunner" time="23.480" errors="0" timestamp="2022-09-29T11:49:27 EDT" skipped="0">
  <testcase classname="cucumberOptions.TestNGRunner" name="runScenario" time="23.480"/>
  <system-out/>
</testsuite> <!-- cucumberOptions.TestNGRunner -->
